<?xml version="1.0" encoding="UTF-8"?>
<!-- Generated by org.testng.reporters.JUnitReportReporter -->
<testsuite hostname="LAPTOP-0GJTF6KH" failures="0" tests="1" name="tests.LogInExitoso" time="1.537" errors="0" timestamp="2025-01-06T15:33:53 ART" skipped="0">
  <testcase classname="tests.LogInExitoso" name="login" time="1.537"/>
</testsuite> <!-- tests.LogInExitoso -->
