<?xml version="1.0" encoding="UTF-8"?>
<!-- Generated by org.testng.reporters.JUnitReportReporter -->
<testsuite hostname="LAPTOP-0GJTF6KH" failures="0" tests="3" name="tests.LogInFallido" time="3.100" errors="0" timestamp="2025-01-06T15:33:53 ART" skipped="0">
  <testcase classname="tests.LogInFallido" name="loginFallido" time="0.885"/>
  <testcase classname="tests.LogInFallido" name="loginFallido" time="1.325"/>
  <testcase classname="tests.LogInFallido" name="loginFallido" time="0.890"/>
</testsuite> <!-- tests.LogInFallido -->
